
 100.0%	__xpcall	35.9% JIT Compiled, 11.6% Interpreted, 24.3% C/C++ Code, 10.9% Garbage Collection, 17.3% JIT Overhead
 	100.0%	[builtin#22]
 
 14.8%	smwMap.lua:4634	68.5% JIT Compiled, 5.4% Interpreted, 1.2% C/C++ Code, 24.9% JIT Overhead
 	33.5%	smwMap.lua:4718
 	25.7%	smwMap.lua:4667
 	18.7%	smwMap.lua:4662
 	9.3%	smwMap.lua:4657
 	4.3%	smwMap.lua:4672
 	2.3%	smwMap.lua:4638
 	1.9%	smwMap.lua:4652
 	1.9%	smwMap.lua:4707
 	1.6%	smwMap.lua:4656
 
 13.9%	smwMap.lua:4769	100.0% C/C++ Code
 	100.0%	smwMap.lua:4805
 
 8.4%	luna.lua:29	3.4% JIT Compiled, 2.8% Interpreted, 93.1% C/C++ Code, 0.7% JIT Overhead
 	95.2%	luna.lua:32
 	2.1%	luna.lua:34
 	1.4%	luna.lua:44
 	0.7%	luna.lua:43
 	0.7%	luna.lua:55
 
 8.1%	pcall	1.4% JIT Compiled, 0.7% Interpreted, 97.2% C/C++ Code, 0.7% JIT Overhead
 	100.0%	[builtin#21]
 
 7.9%	luna.lua:32	0.7% JIT Compiled, 0.7% Interpreted, 98.5% C/C++ Code
 	100.0%	luna.lua:32
 
 7.9%	ffi_graphics.lua:loadImageResolved	0.7% JIT Compiled, 0.7% Interpreted, 98.5% C/C++ Code
 	78.1%	ffi_graphics.lua:284
 	20.4%	ffi_graphics.lua:270
 	1.5%	ffi_graphics.lua:278
 
 5.8%	!Player:__index	15.8% JIT Compiled, 7.9% Interpreted, 76.2% JIT Overhead
 	11.9%	!Player:4
 	2.0%	!Player:361
 	2.0%	!Player:424
 	2.0%	!Player:271
 	2.0%	!Player:11
 	2.0%	!Player:367
 	2.0%	!Player:34
 	2.0%	!Player:322
 	2.0%	!Player:64
 	2.0%	!Player:16
 	2.0%	!Player:394
 	2.0%	!Player:55
 	2.0%	!Player:412
 	2.0%	!Player:118
 	2.0%	!Player:391
 	2.0%	!Player:80
 	1.0%	!Player:82
 	1.0%	!Player:553
 	1.0%	!Player:514
 	1.0%	!Player:22
 	1.0%	!Player:121
 	1.0%	!Player:172
 	1.0%	!Player:334
 	1.0%	!Player:401
 	1.0%	!Player:508
 	1.0%	!Player:58
 	1.0%	!Player:79
 	1.0%	!Player:235
 	1.0%	!Player:280
 	1.0%	!Player:385
 	1.0%	!Player:571
 	1.0%	!Player:517
 	1.0%	!Player:397
 	1.0%	!Player:244
 	1.0%	!Player:211
 	1.0%	!Player:250
 	1.0%	!Player:352
 	1.0%	!Player:481
 	1.0%	!Player:457
 	1.0%	!Player:277
 	1.0%	!Player:563
 	1.0%	!Player:49
 	1.0%	!Player:355
 	1.0%	!Player:166
 	1.0%	!Player:229
 	1.0%	!Player:103
 	1.0%	!Player:13
 	1.0%	!Player:533
 	1.0%	!Player:226
 	1.0%	!Player:370
 	1.0%	!Player:448
 	1.0%	!Player:43
 	1.0%	!Player:442
 	1.0%	!Player:295
 	1.0%	!Player:10
 	1.0%	!Player:253
 	1.0%	!Player:539
 	1.0%	!Player:511
 	1.0%	!Player:418
 	1.0%	!Player:529
 	1.0%	!Player:67
 	1.0%	!Player:505
 	1.0%	!Player:421
 	1.0%	!Player:181
 	1.0%	!Player:484
 	1.0%	!Player:259
 	1.0%	!Player:157
 	1.0%	!Player:337
 	1.0%	!Player:247
 	1.0%	!Player:85
 	1.0%	!Player:568
 	1.0%	!Player:518
 	1.0%	!Player:521
 	1.0%	!Player:127
 	1.0%	!Player:530
 
 5.0%	smwMap.lua:drawHUD	46.5% JIT Compiled, 14.0% Interpreted, 3.5% C/C++ Code, 36.0% JIT Overhead
 	36.0%	smwMap.lua:4439
 	14.0%	smwMap.lua:4515
 	8.1%	smwMap.lua:4302
 	5.8%	smwMap.lua:4369
 	5.8%	smwMap.lua:4332
 	4.7%	smwMap.lua:4426
 	4.7%	smwMap.lua:4290
 	3.5%	smwMap.lua:4308
 	2.3%	smwMap.lua:4407
 	2.3%	smwMap.lua:4432
 	2.3%	smwMap.lua:4358
 	1.2%	smwMap.lua:4301
 	1.2%	smwMap.lua:4291
 	1.2%	smwMap.lua:4313
 	1.2%	smwMap.lua:4371
 	1.2%	smwMap.lua:4464
 	1.2%	smwMap.lua:4444
 	1.2%	smwMap.lua:4351
 	1.2%	smwMap.lua:4440
 	1.2%	smwMap.lua:4517
 
 4.0%	smwMap.lua:2886	91.3% JIT Compiled, 2.9% Interpreted, 5.8% JIT Overhead
 	52.2%	smwMap.lua:2901
 	23.2%	smwMap.lua:2890
 	14.5%	smwMap.lua:2894
 	4.3%	smwMap.lua:2887
 	4.3%	smwMap.lua:2888
 	1.4%	smwMap.lua:2896
 
 3.7%	smasDateAndTime.lua:32	45.3% JIT Compiled, 21.9% Interpreted, 12.5% C/C++ Code, 20.3% JIT Overhead
 	54.7%	smasDateAndTime.lua:37
 	26.6%	smasDateAndTime.lua:40
 	9.4%	smasDateAndTime.lua:36
 	7.8%	smasDateAndTime.lua:39
 	1.6%	smasDateAndTime.lua:34
 
 3.7%	smwMap.lua:drawObject	81.3% JIT Compiled, 18.8% JIT Overhead
 	45.3%	smwMap.lua:3212
 	14.1%	smwMap.lua:3216
 	9.4%	smwMap.lua:3226
 	7.8%	smwMap.lua:3230
 	6.3%	smwMap.lua:3227
 	6.3%	smwMap.lua:3287
 	4.7%	smwMap.lua:3221
 	3.1%	smwMap.lua:3232
 	1.6%	smwMap.lua:3211
 	1.6%	smwMap.lua:3276
 
 2.8%	textplus.lua:print	46.9% JIT Compiled, 24.5% Interpreted, 10.2% C/C++ Code, 18.4% JIT Overhead
 	51.0%	textplus.lua:180
 	38.8%	textplus.lua:190
 	6.1%	textplus.lua:183
 	2.0%	textplus.lua:150
 	2.0%	textplus.lua:164
 
 2.8%	textplus.lua:render	83.3% JIT Compiled, 16.7% JIT Overhead
 	100.0%	textplus.lua:127
 
 2.6%	smwMap.lua:drawPath	95.7% JIT Compiled, 4.3% JIT Overhead
 	45.7%	smwMap.lua:3898
 	28.3%	smwMap.lua:4004
 	6.5%	smwMap.lua:4013
 	4.3%	smwMap.lua:3906
 	2.2%	smwMap.lua:3907
 	2.2%	smwMap.lua:3992
 	2.2%	smwMap.lua:3969
 	2.2%	smwMap.lua:3963
 	2.2%	smwMap.lua:3981
 	2.2%	smwMap.lua:3971
 	2.2%	smwMap.lua:3986
 
 2.6%	tplusrender.lua:renderLayout	82.6% JIT Compiled, 17.4% JIT Overhead
 	76.1%	tplusrender.lua:433
 	15.2%	tplusrender.lua:468
 	4.3%	tplusrender.lua:412
 	2.2%	tplusrender.lua:456
 	2.2%	tplusrender.lua:428
 
 2.6%	ffi_graphics.lua:glDraw	80.0% JIT Compiled, 2.2% Interpreted, 17.8% JIT Overhead
 	28.9%	ffi_graphics.lua:711
 	24.4%	ffi_graphics.lua:614
 	13.3%	ffi_graphics.lua:582
 	11.1%	ffi_graphics.lua:636
 	6.7%	ffi_graphics.lua:616
 	4.4%	ffi_graphics.lua:615
 	2.2%	ffi_graphics.lua:620
 	2.2%	ffi_graphics.lua:663
 	2.2%	ffi_graphics.lua:588
 	2.2%	ffi_graphics.lua:656
 	2.2%	ffi_graphics.lua:677
 
 2.0%	tplusrender.lua:queueLine	82.9% JIT Compiled, 17.1% JIT Overhead
 	100.0%	tplusrender.lua:367
 
 2.0%	tplusrender.lua:queueSeg	82.9% JIT Compiled, 17.1% JIT Overhead
 	22.9%	tplusrender.lua:337
 	20.0%	tplusrender.lua:206
 	11.4%	tplusrender.lua:339
 	11.4%	tplusrender.lua:208
 	5.7%	tplusrender.lua:259
 	5.7%	tplusrender.lua:157
 	2.9%	tplusrender.lua:142
 	2.9%	tplusrender.lua:211
 	2.9%	tplusrender.lua:343
 	2.9%	tplusrender.lua:336
 	2.9%	tplusrender.lua:335
 	2.9%	tplusrender.lua:158
 	2.9%	tplusrender.lua:207
 	2.9%	tplusrender.lua:261
 
 2.0%	textplus.lua:parse	20.0% JIT Compiled, 48.6% Interpreted, 17.1% C/C++ Code, 14.3% JIT Overhead
 	97.1%	textplus.lua:83
 	2.9%	textplus.lua:77
 
 2.0%	smwMap.lua:2601	54.3% JIT Compiled, 14.3% Interpreted, 8.6% C/C++ Code, 22.9% JIT Overhead
 	100.0%	smwMap.lua:2605
 
 2.0%	tplusparse.lua:parseAndFormat	20.6% JIT Compiled, 47.1% Interpreted, 17.6% C/C++ Code, 14.7% JIT Overhead
 	85.3%	tplusparse.lua:181
 	14.7%	tplusparse.lua:188
 
 2.0%	smasCharacterChanger.lua:339	64.7% JIT Compiled, 11.8% Interpreted, 5.9% C/C++ Code, 17.6% JIT Overhead
 	11.8%	smasCharacterChanger.lua:346
 	8.8%	smasCharacterChanger.lua:547
 	5.9%	smasCharacterChanger.lua:461
 	2.9%	smasCharacterChanger.lua:537
 	2.9%	smasCharacterChanger.lua:692
 	2.9%	smasCharacterChanger.lua:605
 	2.9%	smasCharacterChanger.lua:480
 	2.9%	smasCharacterChanger.lua:502
 	2.9%	smasCharacterChanger.lua:555
 	2.9%	smasCharacterChanger.lua:477
 	2.9%	smasCharacterChanger.lua:524
 	2.9%	smasCharacterChanger.lua:484
 	2.9%	smasCharacterChanger.lua:594
 	2.9%	smasCharacterChanger.lua:695
 	2.9%	smasCharacterChanger.lua:499
 	2.9%	smasCharacterChanger.lua:540
 	2.9%	smasCharacterChanger.lua:656
 	2.9%	smasCharacterChanger.lua:624
 	2.9%	smasCharacterChanger.lua:664
 	2.9%	smasCharacterChanger.lua:519
 	2.9%	smasCharacterChanger.lua:604
 	2.9%	smasCharacterChanger.lua:677
 	2.9%	smasCharacterChanger.lua:528
 	2.9%	smasCharacterChanger.lua:475
 	2.9%	smasCharacterChanger.lua:670
 	2.9%	smasCharacterChanger.lua:600
 	2.9%	smasCharacterChanger.lua:495
 	2.9%	smasCharacterChanger.lua:340
 
 2.0%	smwMap.lua:updatePlayer	55.9% JIT Compiled, 11.8% Interpreted, 8.8% C/C++ Code, 23.5% JIT Overhead
 	64.7%	smwMap.lua:2532
 	20.6%	smwMap.lua:2515
 	8.8%	smwMap.lua:2526
 	2.9%	smwMap.lua:2563
 	2.9%	smwMap.lua:2519
 
 1.8%	ffi_player.lua:get	29.0% JIT Compiled, 12.9% Interpreted, 3.2% C/C++ Code, 54.8% JIT Overhead
 	32.3%	ffi_player.lua:1006
 	19.4%	ffi_player.lua:1005
 	16.1%	ffi_player.lua:126
 	9.7%	ffi_player.lua:1007
 	6.5%	ffi_player.lua:166
 	6.5%	ffi_player.lua:144
 	6.5%	ffi_player.lua:1009
 	3.2%	ffi_player.lua:1010
 
 1.8%	smasExtraSounds.lua:973	19.4% JIT Compiled, 38.7% Interpreted, 9.7% C/C++ Code, 32.3% JIT Overhead
 	19.4%	smasExtraSounds.lua:1006
 	12.9%	smasExtraSounds.lua:1058
 	12.9%	smasExtraSounds.lua:980
 	9.7%	smasExtraSounds.lua:976
 	6.5%	smasExtraSounds.lua:988
 	6.5%	smasExtraSounds.lua:1156
 	3.2%	smasExtraSounds.lua:1348
 	3.2%	smasExtraSounds.lua:1057
 	3.2%	smasExtraSounds.lua:983
 	3.2%	smasExtraSounds.lua:1000
 	3.2%	smasExtraSounds.lua:977
 	3.2%	smasExtraSounds.lua:1177
 	3.2%	smasExtraSounds.lua:1178
 	3.2%	smasExtraSounds.lua:982
 	3.2%	smasExtraSounds.lua:1306
 	3.2%	smasExtraSounds.lua:1004
 
 1.5%	lpvm.lua:parse	11.5% JIT Compiled, 50.0% Interpreted, 23.1% C/C++ Code, 15.4% JIT Overhead
 	88.5%	lpvm.lua:886
 	11.5%	lpvm.lua:885
 
 1.5%	smwMap.lua:getObjectConfig	92.3% JIT Compiled, 7.7% JIT Overhead
 	61.5%	smwMap.lua:2740
 	38.5%	smwMap.lua:2742
 
 1.3%	lpvm.lua:match	8.7% JIT Compiled, 52.2% Interpreted, 26.1% C/C++ Code, 13.0% JIT Overhead
 	21.7%	lpvm.lua:487
 	21.7%	lpvm.lua:215
 	13.0%	lpvm.lua:455
 	8.7%	lpvm.lua:219
 	8.7%	lpvm.lua:228
 	4.3%	lpvm.lua:482
 	4.3%	lpvm.lua:227
 	4.3%	lpvm.lua:728
 	4.3%	lpvm.lua:374
 	4.3%	lpvm.lua:385
 	4.3%	lpvm.lua:573
 
 1.3%	smwMap.lua:drawScenery	87.0% JIT Compiled, 13.0% JIT Overhead
 	65.2%	smwMap.lua:3331
 	8.7%	smwMap.lua:3362
 	8.7%	smwMap.lua:3343
 	8.7%	smwMap.lua:3360
 	4.3%	smwMap.lua:3357
 	4.3%	smwMap.lua:3345
 
 1.3%	ffi_mem.lua:mem	36.4% JIT Compiled, 4.5% C/C++ Code, 59.1% JIT Overhead
 	45.5%	ffi_mem.lua:41
 	18.2%	ffi_mem.lua:40
 	13.6%	ffi_mem.lua:30
 	9.1%	ffi_mem.lua:69
 	9.1%	ffi_mem.lua:68
 	4.5%	ffi_mem.lua:36
 
 1.3%	smwMap.lua:1968	63.6% JIT Compiled, 13.6% Interpreted, 22.7% JIT Overhead
 	72.7%	smwMap.lua:1977
 	13.6%	smwMap.lua:1981
 	9.1%	smwMap.lua:2017
 	4.5%	smwMap.lua:2022
 
 1.2%	smwMap.lua:doBasicAnimation	100.0% JIT Compiled
 	100.0%	smwMap.lua:2911
 
 1.0%	ffi_mem.lua:readmem	50.0% JIT Compiled, 11.1% Interpreted, 38.9% JIT Overhead
 	44.4%	ffi_mem.lua:41
 	16.7%	ffi_mem.lua:30
 	11.1%	ffi_mem.lua:40
 	11.1%	ffi_mem.lua:36
 	11.1%	ffi_mem.lua:32
 	5.6%	ffi_mem.lua:37
 
 1.0%	ffi_graphics.lua:drawBox	66.7% JIT Compiled, 33.3% JIT Overhead
 	55.6%	ffi_graphics.lua:2116
 	27.8%	ffi_graphics.lua:2165
 	5.6%	ffi_graphics.lua:2122
 	5.6%	ffi_graphics.lua:2161
 	5.6%	ffi_graphics.lua:2117
 
 1.0%	ffi_graphics.lua:convertGlArray	94.1% JIT Compiled, 5.9% JIT Overhead
 	64.7%	ffi_graphics.lua:334
 	11.8%	ffi_graphics.lua:332
 	11.8%	ffi_graphics.lua:336
 	5.9%	ffi_graphics.lua:337
 	5.9%	ffi_graphics.lua:344
 
 1.0%	ffi_player.lua:classValidityChecker	11.8% JIT Compiled, 88.2% JIT Overhead
 	94.1%	ffi_player.lua:113
 	5.9%	ffi_player.lua:114
 
 0.9%	smwMap.lua:findEncounter	81.3% JIT Compiled, 18.8% Interpreted
 	93.8%	smwMap.lua:1511
 	6.3%	smwMap.lua:1520
 
 0.9%	classicevents.lua:classicEventHandler	46.7% JIT Compiled, 6.7% Interpreted, 46.7% JIT Overhead
 	53.3%	classicevents.lua:83
 	20.0%	classicevents.lua:63
 	20.0%	classicevents.lua:62
 	6.7%	classicevents.lua:86
 
 0.9%	ffi_player.lua:__index	13.3% JIT Compiled, 6.7% Interpreted, 80.0% JIT Overhead
 	40.0%	ffi_player.lua:638
 	26.7%	ffi_player.lua:689
 	13.3%	ffi_player.lua:775
 	13.3%	ffi_player.lua:637
 	6.7%	ffi_player.lua:111
 
 0.8%	clearpipeNPC.lua:344	64.3% JIT Compiled, 21.4% Interpreted, 7.1% C/C++ Code, 7.1% JIT Overhead
 	50.0%	clearpipeNPC.lua:358
 	35.7%	clearpipeNPC.lua:350
 	7.1%	clearpipeNPC.lua:346
 	7.1%	clearpipeNPC.lua:391
 
 0.8%	textplus.lua:layout	21.4% JIT Compiled, 50.0% Interpreted, 7.1% C/C++ Code, 21.4% JIT Overhead
 	71.4%	textplus.lua:97
 	28.6%	textplus.lua:103
 
 0.7%	smasCharacterChanger.lua:addVariant	53.8% JIT Compiled, 15.4% Interpreted, 30.8% JIT Overhead
 	30.8%	smasCharacterChanger.lua:111
 	30.8%	smasCharacterChanger.lua:122
 	23.1%	smasCharacterChanger.lua:116
 	7.7%	smasCharacterChanger.lua:110
 	7.7%	smasCharacterChanger.lua:102
 
 0.7%	smasCharacterChanger.lua:addCharacter	84.6% JIT Compiled, 7.7% Interpreted, 7.7% JIT Overhead
 	53.8%	smasCharacterChanger.lua:95
 	46.2%	smasCharacterChanger.lua:89
 
 0.7%	classExpander.lua:ifind	46.2% JIT Compiled, 23.1% Interpreted, 30.8% JIT Overhead
 	69.2%	classExpander.lua:777
 	15.4%	classExpander.lua:778
 	15.4%	classExpander.lua:776
 
 0.7%	smasCheats.lua:883	92.3% JIT Compiled, 7.7% Interpreted
 	53.8%	smasCheats.lua:913
 	38.5%	smasCheats.lua:914
 	7.7%	smasCheats.lua:884
 
 0.7%	costume.lua:772	7.7% JIT Compiled, 7.7% Interpreted, 84.6% JIT Overhead
 	61.5%	costume.lua:812
 	23.1%	costume.lua:777
 	7.7%	costume.lua:794
 	7.7%	costume.lua:781
 
 0.7%	smwMap.lua:getIntersectingObjects	100.0% JIT Compiled
 	53.8%	smwMap.lua:2856
 	38.5%	smwMap.lua:2854
 	7.7%	smwMap.lua:2857
 
 0.7%	smasPSwitch.lua:60	15.4% JIT Compiled, 23.1% Interpreted, 61.5% JIT Overhead
 	76.9%	smasPSwitch.lua:80
 	23.1%	smasPSwitch.lua:61
 
 0.7%	ffi_block.lua:(for generator)	84.6% JIT Compiled, 7.7% Interpreted, 7.7% JIT Overhead
 	84.6%	ffi_block.lua:488
 	7.7%	ffi_block.lua:485
 	7.7%	ffi_block.lua:553
 
 0.7%	ffi_graphics.lua:cloneDrawTable	50.0% JIT Compiled, 50.0% JIT Overhead
 	58.3%	ffi_graphics.lua:2055
 	41.7%	ffi_graphics.lua:2056
 
 0.7%	lavaSystem.lua:13	25.0% JIT Compiled, 41.7% Interpreted, 33.3% JIT Overhead
 	41.7%	lavaSystem.lua:27
 	25.0%	lavaSystem.lua:25
 	25.0%	lavaSystem.lua:26
 	8.3%	lavaSystem.lua:14
 
 0.7%	smasKeySystem.lua:87	8.3% JIT Compiled, 50.0% Interpreted, 41.7% C/C++ Code
 	50.0%	smasKeySystem.lua:112
 	25.0%	smasKeySystem.lua:111
 	16.7%	smasKeySystem.lua:89
 	8.3%	smasKeySystem.lua:90
 
 0.6%	smwMap.lua:drawPlayer	18.2% JIT Compiled, 9.1% Interpreted, 72.7% JIT Overhead
 	18.2%	smwMap.lua:3502
 	18.2%	smwMap.lua:3406
 	18.2%	smwMap.lua:3415
 	9.1%	smwMap.lua:3534
 	9.1%	smwMap.lua:3408
 	9.1%	smwMap.lua:3412
 	9.1%	smwMap.lua:3506
 	9.1%	smwMap.lua:3434
 
 0.6%	ffi_section.lua:getActiveIndices	18.2% JIT Compiled, 18.2% Interpreted, 63.6% JIT Overhead
 	45.5%	ffi_section.lua:294
 	45.5%	ffi_section.lua:295
 	9.1%	ffi_section.lua:298
 
 0.6%	ffi_graphics.lua:safeMallocArray	100.0% JIT Compiled
 	100.0%	ffi_graphics.lua:328
 
 0.6%	lib3d.lua:1806	90.0% JIT Compiled, 10.0% JIT Overhead
 	60.0%	lib3d.lua:1822
 	30.0%	lib3d.lua:1831
 	10.0%	lib3d.lua:1823
 
 0.6%	npc-802.lua:onTickObj	100.0% JIT Compiled
 	100.0%	npc-802.lua:21
 
 0.6%	ffi_npc.lua:get	80.0% JIT Compiled, 10.0% Interpreted, 10.0% JIT Overhead
 	100.0%	ffi_npc.lua:440
 
 0.6%	editorevents_mod.lua:413	10.0% JIT Compiled, 30.0% Interpreted, 60.0% JIT Overhead
 	70.0%	editorevents_mod.lua:447
 	20.0%	editorevents_mod.lua:421
 	10.0%	editorevents_mod.lua:419
 
 0.6%	ffi_npc.lua:tablemap	80.0% JIT Compiled, 10.0% Interpreted, 10.0% JIT Overhead
 	70.0%	ffi_npc.lua:377
 	20.0%	ffi_npc.lua:376
 	10.0%	ffi_npc.lua:378
 
 0.5%	smasPSwitch.lua:inNoPSwitchMusicPlayingSituations	11.1% JIT Compiled, 11.1% Interpreted, 77.8% JIT Overhead
 	88.9%	smasPSwitch.lua:52
 	11.1%	smasPSwitch.lua:53
 
 0.5%	luna.lua:457	100.0% JIT Compiled
 	55.6%	luna.lua:477
 	44.4%	luna.lua:487
 
 0.5%	savedata.lua:__index	22.2% JIT Compiled, 44.4% Interpreted, 11.1% C/C++ Code, 22.2% JIT Overhead
 	55.6%	savedata.lua:132
 	22.2%	savedata.lua:161
 	11.1%	savedata.lua:134
 	11.1%	savedata.lua:158
 
 0.5%	smasNoTurnBack.lua:sectionsWithNoPlayers	44.4% JIT Compiled, 22.2% Interpreted, 33.3% JIT Overhead
 	66.7%	smasNoTurnBack.lua:130
 	22.2%	smasNoTurnBack.lua:133
 	11.1%	smasNoTurnBack.lua:131
 
 0.5%	type.lua:type	44.4% JIT Compiled, 33.3% Interpreted, 22.2% JIT Overhead
 	33.3%	type.lua:52
 	33.3%	type.lua:58
 	11.1%	type.lua:60
 	11.1%	type.lua:54
 	11.1%	type.lua:67
 
 0.5%	block-683.lua:149	22.2% JIT Compiled, 22.2% Interpreted, 55.6% JIT Overhead
 	100.0%	block-683.lua:159
 
 0.5%	npc-821.lua:onTickObj	100.0% JIT Compiled
 	100.0%	npc-821.lua:21
 
 0.5%	smasNoTurnBack.lua:157	44.4% JIT Compiled, 22.2% Interpreted, 33.3% JIT Overhead
 	100.0%	smasNoTurnBack.lua:158
 
 0.5%	customCamera.lua:1233	44.4% JIT Compiled, 33.3% Interpreted, 22.2% JIT Overhead
 	33.3%	customCamera.lua:1285
 	22.2%	customCamera.lua:1235
 	11.1%	customCamera.lua:1237
 	11.1%	customCamera.lua:1269
 	11.1%	customCamera.lua:1280
 	11.1%	customCamera.lua:1307
 
 0.5%	handycam.lua:835	12.5% JIT Compiled, 12.5% Interpreted, 75.0% JIT Overhead
 	87.5%	handycam.lua:846
 	12.5%	handycam.lua:838
 
 0.5%	ffi_graphics.lua:drawScreen	87.5% JIT Compiled, 12.5% JIT Overhead
 	37.5%	ffi_graphics.lua:2179
 	25.0%	ffi_graphics.lua:2183
 	25.0%	ffi_graphics.lua:2169
 	12.5%	ffi_graphics.lua:2184
 
 0.5%	classExpander.lua:lerp	12.5% JIT Compiled, 25.0% Interpreted, 62.5% JIT Overhead
 	75.0%	classExpander.lua:1043
 	25.0%	classExpander.lua:1037
 
 0.5%	ffi_mem.lua:count	25.0% JIT Compiled, 12.5% Interpreted, 12.5% C/C++ Code, 50.0% JIT Overhead
 	37.5%	ffi_mem.lua:41
 	25.0%	ffi_mem.lua:68
 	25.0%	ffi_mem.lua:40
 	12.5%	ffi_mem.lua:36
 
 0.5%	!Player:character:__index	12.5% JIT Compiled, 87.5% JIT Overhead
 	62.5%	!Player:character:8
 	37.5%	!Player:character:11
 
 0.5%	ffi_block.lua:get	100.0% JIT Compiled
 	62.5%	ffi_block.lua:610
 	37.5%	ffi_block.lua:603
 
 0.5%	smwMap.lua:getSceneryConfig	100.0% JIT Compiled
 	62.5%	smwMap.lua:2998
 	37.5%	smwMap.lua:2996
 
 0.5%	costume.lua:findAnimation	12.5% Interpreted, 87.5% JIT Overhead
 	37.5%	costume.lua:316
 	12.5%	costume.lua:304
 	12.5%	costume.lua:301
 	12.5%	costume.lua:298
 	12.5%	costume.lua:294
 	12.5%	costume.lua:314
 
 0.4%	camera.lua:calculateCameraDimensions	71.4% JIT Compiled, 28.6% JIT Overhead
 	42.9%	camera.lua:275
 	28.6%	camera.lua:274
 	14.3%	camera.lua:263
 	14.3%	camera.lua:281
 
 0.4%	ffi_section.lua:get	57.1% JIT Compiled, 42.9% Interpreted
 	57.1%	ffi_section.lua:41
 	14.3%	ffi_section.lua:106
 	14.3%	ffi_section.lua:39
 	14.3%	ffi_section.lua:40
 
 0.4%	smasAudioVolumeSystem.lua:16	71.4% Interpreted, 14.3% C/C++ Code, 14.3% JIT Overhead
 	28.6%	smasAudioVolumeSystem.lua:58
 	14.3%	smasAudioVolumeSystem.lua:55
 	14.3%	smasAudioVolumeSystem.lua:18
 	14.3%	smasAudioVolumeSystem.lua:52
 	14.3%	smasAudioVolumeSystem.lua:53
 	14.3%	smasAudioVolumeSystem.lua:59
 
 0.4%	stoodon.lua:17	14.3% JIT Compiled, 14.3% C/C++ Code, 71.4% JIT Overhead
 	100.0%	stoodon.lua:19
 
 0.4%	smas2PlayerSystem.lua:87	42.9% JIT Compiled, 14.3% Interpreted, 42.9% JIT Overhead
 	57.1%	smas2PlayerSystem.lua:95
 	42.9%	smas2PlayerSystem.lua:93
 
 0.4%	smasFireballs.lua:33	14.3% Interpreted, 85.7% JIT Overhead
 	85.7%	smasFireballs.lua:38
 	14.3%	smasFireballs.lua:46
 
 0.4%	synced.lua:539	28.6% Interpreted, 71.4% JIT Overhead
 	42.9%	synced.lua:543
 	28.6%	synced.lua:551
 	28.6%	synced.lua:541
 
 0.4%	newcheats.lua:listCheats	100.0% JIT Compiled
 	100.0%	newcheats.lua:384
 
 0.4%	handycam.lua:calcTargetPos	14.3% Interpreted, 85.7% JIT Overhead
 	28.6%	handycam.lua:232
 	28.6%	handycam.lua:277
 	14.3%	handycam.lua:231
 	14.3%	handycam.lua:218
 	14.3%	handycam.lua:280
 
 0.4%	handycam.lua:computeTargetPosition	14.3% Interpreted, 85.7% JIT Overhead
 	100.0%	handycam.lua:369
 
 0.4%	blockeventmanager.lua:554	71.4% JIT Compiled, 14.3% Interpreted, 14.3% JIT Overhead
 	85.7%	blockeventmanager.lua:555
 	14.3%	blockeventmanager.lua:563
 
 0.4%	handycam.lua:computePosition	14.3% Interpreted, 85.7% JIT Overhead
 	100.0%	handycam.lua:415
 
 0.4%	smwMap.lua:updateActiveAreas	57.1% JIT Compiled, 14.3% Interpreted, 28.6% JIT Overhead
 	42.9%	smwMap.lua:1875
 	14.3%	smwMap.lua:1865
 	14.3%	smwMap.lua:1891
 	14.3%	smwMap.lua:1870
 	14.3%	smwMap.lua:1866
 
 0.4%	playerManager.lua:updateCurrentCharacter	28.6% JIT Compiled, 42.9% Interpreted, 28.6% JIT Overhead
 	85.7%	playerManager.lua:370
 	14.3%	playerManager.lua:371
 
 0.4%	handycam.lua:__index	14.3% Interpreted, 85.7% JIT Overhead
 	71.4%	handycam.lua:455
 	28.6%	handycam.lua:458
 
 0.4%	ffi_player.lua:713	42.9% JIT Compiled, 57.1% JIT Overhead
 	28.6%	ffi_player.lua:716
 	28.6%	ffi_player.lua:719
 	28.6%	ffi_player.lua:714
 	14.3%	ffi_player.lua:715
 
 0.3%	blockeventmanager.lua:refreshEvents_internal	83.3% JIT Compiled, 16.7% Interpreted
 	100.0%	blockeventmanager.lua:131
 
 0.3%	ffi_player.lua:mem	50.0% Interpreted, 50.0% JIT Overhead
 	100.0%	ffi_player.lua:775
 
 0.3%	blockconfig_core.lua:__newindex	16.7% JIT Compiled, 83.3% JIT Overhead
 	50.0%	blockconfig_core.lua:524
 	33.3%	blockconfig_core.lua:493
 	16.7%	blockconfig_core.lua:514
 
 0.3%	clearpipe.lua:504	50.0% Interpreted, 50.0% JIT Overhead
 	50.0%	clearpipe.lua:509
 	33.3%	clearpipe.lua:510
 	16.7%	clearpipe.lua:511
 
 0.3%	lib3d.lua:drawCam_internal	83.3% JIT Compiled, 16.7% JIT Overhead
 	50.0%	lib3d.lua:1560
 	33.3%	lib3d.lua:1559
 	16.7%	lib3d.lua:1561
 
 0.3%	!Section:boundary:__index	50.0% JIT Compiled, 50.0% Interpreted
 	100.0%	!Section:boundary:11
 
 0.3%	smasWarpSystem.lua:26	33.3% JIT Compiled, 66.7% JIT Overhead
 	83.3%	smasWarpSystem.lua:29
 	16.7%	smasWarpSystem.lua:28
 
 0.3%	smwMap.lua:isOnCamera	50.0% JIT Compiled, 50.0% JIT Overhead
 	50.0%	smwMap.lua:3185
 	33.3%	smwMap.lua:3181
 	16.7%	smwMap.lua:3183
 
 0.3%	yoshis.lua:render	20.0% JIT Compiled, 20.0% Interpreted, 20.0% C/C++ Code, 40.0% JIT Overhead
 	20.0%	yoshis.lua:346
 	20.0%	yoshis.lua:101
 	20.0%	yoshis.lua:327
 	20.0%	yoshis.lua:118
 	20.0%	yoshis.lua:331
 
 0.3%	ffi_layer.lua:get	40.0% JIT Compiled, 60.0% Interpreted
 	80.0%	ffi_layer.lua:264
 	20.0%	ffi_layer.lua:248
 
 0.3%	!Camera:__index	20.0% JIT Compiled, 60.0% Interpreted, 20.0% JIT Overhead
 	80.0%	!Camera:4
 	20.0%	!Camera:11
 
 0.3%	ffi_graphics.lua:validateAndConvertVariableTable	100.0% JIT Compiled
 	40.0%	ffi_graphics.lua:482
 	20.0%	ffi_graphics.lua:470
 	20.0%	ffi_graphics.lua:480
 	20.0%	ffi_graphics.lua:572
 
 0.3%	!Player:hasStarman:__index	100.0% JIT Overhead
 	100.0%	!Player:hasStarman:11
 
 0.3%	color.lua:__mul	20.0% Interpreted, 80.0% JIT Overhead
 	80.0%	color.lua:479
 	20.0%	color.lua:473
 
 0.3%	customCamera.lua:getFullCameraPos	40.0% JIT Compiled, 40.0% Interpreted, 20.0% JIT Overhead
 	40.0%	customCamera.lua:827
 	20.0%	customCamera.lua:838
 	20.0%	customCamera.lua:836
 	20.0%	customCamera.lua:832
 
 0.3%	ffi_player.lua:isGroundTouching	20.0% C/C++ Code, 80.0% JIT Overhead
 	100.0%	ffi_player.lua:910
 
 0.3%	block-682.lua:294	80.0% JIT Compiled, 20.0% Interpreted
 	60.0%	block-682.lua:305
 	20.0%	block-682.lua:296
 	20.0%	block-682.lua:302
 
 0.3%	cursor.lua:176	60.0% JIT Compiled, 20.0% Interpreted, 20.0% JIT Overhead
 	100.0%	cursor.lua:178
 
 0.3%	tplusparse.lua:resolveFormatting	80.0% JIT Compiled, 20.0% JIT Overhead
 	80.0%	tplusparse.lua:140
 	20.0%	tplusparse.lua:136
 
 0.3%	smasVerboseMode.lua:98	20.0% Interpreted, 80.0% JIT Overhead
 	60.0%	smasVerboseMode.lua:103
 	40.0%	smasVerboseMode.lua:100
 
 0.3%	!Player:keys:__index	100.0% JIT Overhead
 	100.0%	!Player:keys:11
 
 0.3%	smwMap.lua:drawTile	80.0% JIT Compiled, 20.0% JIT Overhead
 	40.0%	smwMap.lua:3324
 	40.0%	smwMap.lua:3299
 	20.0%	smwMap.lua:3313
 
 0.3%	newcheats.lua:get	80.0% JIT Compiled, 20.0% Interpreted
 	60.0%	newcheats.lua:105
 	40.0%	newcheats.lua:104
 
 0.3%	ffi_graphics.lua:__index	80.0% JIT Compiled, 20.0% Interpreted
 	80.0%	ffi_graphics.lua:1801
 	20.0%	ffi_graphics.lua:1793
 
 0.3%	costume.lua:handleDucking	100.0% JIT Overhead
 	100.0%	costume.lua:193
 
 0.3%	pauseplus.lua:971	60.0% JIT Compiled, 40.0% JIT Overhead
 	80.0%	pauseplus.lua:972
 	20.0%	pauseplus.lua:981
 
 0.3%	classExpander.lua:isPaused	20.0% JIT Compiled, 40.0% C/C++ Code, 40.0% JIT Overhead
 	100.0%	classExpander.lua:474
 
 0.3%	filthcoating.lua:71	40.0% JIT Compiled, 60.0% JIT Overhead
 	100.0%	filthcoating.lua:73
 
 0.3%	cursor.lua:update	60.0% JIT Compiled, 20.0% Interpreted, 20.0% JIT Overhead
 	60.0%	cursor.lua:121
 	20.0%	cursor.lua:99
 	20.0%	cursor.lua:103
 
 0.2%	globalgenerals.lua:214	100.0% JIT Compiled
 	100.0%	globalgenerals.lua:267
 
 0.2%	ffi_graphics.lua:baseDrawImage	50.0% JIT Compiled, 50.0% JIT Overhead
 	50.0%	ffi_graphics.lua:1651
 	25.0%	ffi_graphics.lua:1610
 	25.0%	ffi_graphics.lua:1609
 
 0.2%	smasWarpSystem.lua:37	50.0% JIT Compiled, 50.0% JIT Overhead
 	75.0%	smasWarpSystem.lua:41
 	25.0%	smasWarpSystem.lua:67
 
 0.2%	palaceswitch.lua:199	50.0% JIT Compiled, 50.0% Interpreted
 	75.0%	palaceswitch.lua:202
 	25.0%	palaceswitch.lua:201
 
 0.2%	playerManager.lua:getCostume	50.0% JIT Compiled, 25.0% Interpreted, 25.0% JIT Overhead
 	100.0%	playerManager.lua:941
 
 0.2%	smasExtraSounds.lua:954	100.0% JIT Compiled
 	75.0%	smasExtraSounds.lua:955
 	25.0%	smasExtraSounds.lua:956
 
 0.2%	musicalchairs.lua:116	75.0% JIT Compiled, 25.0% Interpreted
 	75.0%	musicalchairs.lua:119
 	25.0%	musicalchairs.lua:117
 
 0.2%	smasEnemySystem.lua:25	75.0% JIT Compiled, 25.0% Interpreted
 	50.0%	smasEnemySystem.lua:81
 	25.0%	smasEnemySystem.lua:95
 	25.0%	smasEnemySystem.lua:56
 
 0.2%	tplusutils.lua:strToCodes	100.0% JIT Compiled
 	75.0%	tplusutils.lua:24
 	25.0%	tplusutils.lua:17
 
 0.2%	camera.lua:getScreenSize	100.0% JIT Compiled
 	50.0%	camera.lua:152
 	50.0%	camera.lua:150
 
 0.2%	npc-606.lua:37	25.0% JIT Compiled, 25.0% Interpreted, 50.0% JIT Overhead
 	50.0%	npc-606.lua:41
 	25.0%	npc-606.lua:38
 	25.0%	npc-606.lua:42
 
 0.2%	megashroom.lua:663	50.0% Interpreted, 50.0% JIT Overhead
 	50.0%	megashroom.lua:690
 	25.0%	megashroom.lua:670
 	25.0%	megashroom.lua:692
 
 0.2%	costume.lua:858	50.0% Interpreted, 50.0% JIT Overhead
 	50.0%	costume.lua:859
 	50.0%	costume.lua:862
 
 0.2%	lpcap.lua:getcaptures	50.0% Interpreted, 25.0% C/C++ Code, 25.0% JIT Overhead
 	50.0%	lpcap.lua:576
 	25.0%	lpcap.lua:577
 	25.0%	lpcap.lua:574
 
 0.2%	megashroom.lua:UpdateMegaState	75.0% Interpreted, 25.0% JIT Overhead
 	50.0%	megashroom.lua:344
 	25.0%	megashroom.lua:467
 	25.0%	megashroom.lua:339
 
 0.2%	ffi_misc.lua:GetKeyState	25.0% JIT Compiled, 50.0% Interpreted, 25.0% JIT Overhead
 	75.0%	ffi_misc.lua:93
 	25.0%	ffi_misc.lua:96
 
 0.2%	ffi_player.lua:count	50.0% JIT Compiled, 25.0% Interpreted, 25.0% JIT Overhead
 	100.0%	ffi_player.lua:999
 
 0.2%	colliders.lua:collide	75.0% JIT Compiled, 25.0% JIT Overhead
 	25.0%	colliders.lua:533
 	25.0%	colliders.lua:495
 	25.0%	colliders.lua:1756
 	25.0%	colliders.lua:1754
 
 0.2%	!Player:section:__index	100.0% JIT Overhead
 	75.0%	!Player:section:8
 	25.0%	!Player:section:11
 
 0.2%	particles.lua:Draw	50.0% JIT Compiled, 50.0% JIT Overhead
 	75.0%	particles.lua:1496
 	25.0%	particles.lua:1462
 
 0.2%	blockconfig_core.lua:__index	25.0% JIT Compiled, 25.0% Interpreted, 50.0% JIT Overhead
 	50.0%	blockconfig_core.lua:527
 	25.0%	blockconfig_core.lua:534
 	25.0%	blockconfig_core.lua:547
 
 0.2%	ffi_mem.lua:writemem	25.0% C/C++ Code, 75.0% JIT Overhead
 	25.0%	ffi_mem.lua:63
 	25.0%	ffi_mem.lua:62
 	25.0%	ffi_mem.lua:65
 	25.0%	ffi_mem.lua:48
 
 0.2%	ffi_graphics.lua:drawImageWP	50.0% JIT Compiled, 50.0% JIT Overhead
 	100.0%	ffi_graphics.lua:1658
 
 0.2%	customCamera.lua:1348	50.0% JIT Compiled, 25.0% Interpreted, 25.0% JIT Overhead
 	75.0%	customCamera.lua:1371
 	25.0%	customCamera.lua:1374
 
 0.2%	smasCharacterChanger.lua:346	25.0% JIT Compiled, 50.0% C/C++ Code, 25.0% JIT Overhead
 	100.0%	smasCharacterChanger.lua:346
 
 0.2%	playerManager.lua:1118	25.0% JIT Compiled, 25.0% Interpreted, 50.0% JIT Overhead
 	75.0%	playerManager.lua:1120
 	25.0%	playerManager.lua:1121
 
 0.2%	routine.lua:686	25.0% JIT Compiled, 50.0% Interpreted, 25.0% C/C++ Code
 	25.0%	routine.lua:701
 	25.0%	routine.lua:702
 	25.0%	routine.lua:744
 	25.0%	routine.lua:711
 
 0.2%	megashroom.lua:517	75.0% Interpreted, 25.0% JIT Overhead
 	100.0%	megashroom.lua:518
 
 0.2%	npcconfig_core.lua:__newindex	25.0% JIT Compiled, 75.0% JIT Overhead
 	25.0%	npcconfig_core.lua:327
 	25.0%	npcconfig_core.lua:366
 	25.0%	npcconfig_core.lua:328
 	25.0%	npcconfig_core.lua:330
 
 0.2%	babyyoshis.lua:328	66.7% C/C++ Code, 33.3% JIT Overhead
 	100.0%	babyyoshis.lua:329
 
 0.2%	classicevents.lua:checkKeyboardEvent	100.0% JIT Compiled
 	100.0%	classicevents.lua:43
 
 0.2%	customCamera.lua:clampFocusToBounds	66.7% JIT Compiled, 33.3% Interpreted
 	66.7%	customCamera.lua:845
 	33.3%	customCamera.lua:850
 
 0.2%	defines.lua:__newindex	33.3% JIT Compiled, 66.7% Interpreted
 	66.7%	defines.lua:168
 	33.3%	defines.lua:187
 
 0.2%	ffi_misc.lua:clock	33.3% JIT Compiled, 33.3% Interpreted, 33.3% C/C++ Code
 	100.0%	ffi_misc.lua:69
 
 0.2%	clearpipe.lua:520	66.7% JIT Compiled, 33.3% JIT Overhead
 	66.7%	clearpipe.lua:526
 	33.3%	clearpipe.lua:527
 
 0.2%	megamann.lua:807	100.0% JIT Overhead
 	66.7%	megamann.lua:809
 	33.3%	megamann.lua:887
 
 0.2%	playerManager.lua:1113	66.7% Interpreted, 33.3% JIT Overhead
 	100.0%	playerManager.lua:1115
 
 0.2%	classExpander.lua:__index	33.3% JIT Compiled, 66.7% Interpreted
 	66.7%	classExpander.lua:1013
 	33.3%	classExpander.lua:1015
 
 0.2%	betterbgo.lua:159	33.3% JIT Compiled, 33.3% Interpreted, 33.3% JIT Overhead
 	66.7%	betterbgo.lua:168
 	33.3%	betterbgo.lua:160
 
 0.2%	costume.lua:721	100.0% JIT Overhead
 	66.7%	costume.lua:725
 	33.3%	costume.lua:770
 
 0.2%	ffi_camera.lua:get	33.3% JIT Compiled, 33.3% Interpreted, 33.3% JIT Overhead
 	66.7%	ffi_camera.lua:119
 	33.3%	ffi_camera.lua:57
 
 0.2%	expandedDefines.lua:setBlockProperty	33.3% JIT Compiled, 66.7% JIT Overhead
 	33.3%	expandedDefines.lua:264
 	33.3%	expandedDefines.lua:255
 	33.3%	expandedDefines.lua:254
 
 0.2%	ffi_graphics.lua:clear	66.7% JIT Compiled, 33.3% Interpreted
 	66.7%	ffi_graphics.lua:1973
 	33.3%	ffi_graphics.lua:1966
 
 0.2%	smasExtraActions.lua:242	66.7% JIT Compiled, 33.3% Interpreted
 	33.3%	smasExtraActions.lua:247
 	33.3%	smasExtraActions.lua:248
 	33.3%	smasExtraActions.lua:243
 
 0.2%	!Section:__index	33.3% Interpreted, 66.7% JIT Overhead
 	100.0%	!Section:4
 
 0.2%	star.lua:get	100.0% JIT Overhead
 	100.0%	star.lua:50
 
 0.2%	blockconfig_core.lua:608	100.0% JIT Overhead
 	33.3%	blockconfig_core.lua:614
 	33.3%	blockconfig_core.lua:613
 	33.3%	blockconfig_core.lua:610
 
 0.2%	paralX2.lua:896	66.7% Interpreted, 33.3% JIT Overhead
 	66.7%	paralX2.lua:899
 	33.3%	paralX2.lua:897
 
 0.2%	globalgenerals.lua:398	33.3% JIT Compiled, 33.3% Interpreted, 33.3% JIT Overhead
 	100.0%	globalgenerals.lua:438
 
 0.2%	chainChomp.lua:1240	33.3% JIT Compiled, 66.7% JIT Overhead
 	66.7%	chainChomp.lua:1242
 	33.3%	chainChomp.lua:1255
 
 0.2%	ffi_player.lua:Player	33.3% JIT Compiled, 66.7% Interpreted
 	66.7%	ffi_player.lua:579
 	33.3%	ffi_player.lua:583
 
 0.2%	breakingdirt.lua:303	100.0% Interpreted
 	66.7%	breakingdirt.lua:304
 	33.3%	breakingdirt.lua:305
 
 0.2%	smas2PlayerSystem.lua:205	33.3% Interpreted, 66.7% JIT Overhead
 	66.7%	smas2PlayerSystem.lua:207
 	33.3%	smas2PlayerSystem.lua:206
 
 0.2%	yoshis.lua:584	100.0% JIT Overhead
 	66.7%	yoshis.lua:590
 	33.3%	yoshis.lua:586
 
 0.2%	tpluslayout.lua:Layout	33.3% JIT Compiled, 33.3% Interpreted, 33.3% JIT Overhead
 	100.0%	tpluslayout.lua:287
 
 0.2%	npc-823.lua:onTickObj	100.0% JIT Compiled
 	100.0%	npc-823.lua:21
 
 0.2%	tpluslayout.lua:runLayout	33.3% JIT Compiled, 33.3% Interpreted, 33.3% JIT Overhead
 	33.3%	tpluslayout.lua:181
 	33.3%	tpluslayout.lua:196
 	33.3%	tpluslayout.lua:118
 
 0.2%	smwMap.lua:doBasicGlDrawSetup	66.7% JIT Compiled, 33.3% JIT Overhead
 	66.7%	smwMap.lua:3147
 	33.3%	smwMap.lua:3126
 
 0.2%	synced.lua:316	100.0% JIT Overhead
 	66.7%	synced.lua:381
 	33.3%	synced.lua:348
 
 0.2%	classExpander.lua:split	33.3% JIT Compiled, 33.3% Interpreted, 33.3% JIT Overhead
 	33.3%	classExpander.lua:956
 	33.3%	classExpander.lua:967
 	33.3%	classExpander.lua:968
 
 0.2%	tplusparse.lua:parse	100.0% Interpreted
 	100.0%	tplusparse.lua:111
 
 0.2%	smasNoTurnBack.lua:52	33.3% Interpreted, 66.7% JIT Overhead
 	33.3%	smasNoTurnBack.lua:94
 	33.3%	smasNoTurnBack.lua:53
 	33.3%	smasNoTurnBack.lua:54
 
 0.2%	yoshis.lua:654	66.7% JIT Compiled, 33.3% JIT Overhead
 	66.7%	yoshis.lua:655
 	33.3%	yoshis.lua:656
 
 0.2%	megashroom.lua:669	66.7% Interpreted, 33.3% C/C++ Code
 	100.0%	megashroom.lua:670
 
 0.1%	customCamera.lua:makeDefaultSettings	100.0% JIT Compiled
 	50.0%	customCamera.lua:965
 	50.0%	customCamera.lua:950
 
 0.1%	color.lua:__concat	50.0% Interpreted, 50.0% JIT Overhead
 	50.0%	color.lua:513
 	50.0%	color.lua:82
 
 0.1%	smasMapInventorySystem.lua:192	50.0% Interpreted, 50.0% JIT Overhead
 	50.0%	smasMapInventorySystem.lua:193
 	50.0%	smasMapInventorySystem.lua:194
 
 0.1%	smasHudSystem.lua:476	50.0% C/C++ Code, 50.0% JIT Overhead
 	50.0%	smasHudSystem.lua:511
 	50.0%	smasHudSystem.lua:532
 
 0.1%	!Player:mount:__index	100.0% JIT Overhead
 	100.0%	!Player:mount:8
 
 0.1%	!Player:jumpKeyPressing:__index	50.0% JIT Compiled, 50.0% JIT Overhead
 	50.0%	!Player:jumpKeyPressing:12
 	50.0%	!Player:jumpKeyPressing:8
 
 0.1%	lib3d.lua:getFrustum	100.0% JIT Compiled
 	100.0%	lib3d.lua:1172
 
 0.1%	ffi_player.lua:playerGetIsValid	100.0% JIT Overhead
 	50.0%	ffi_player.lua:113
 	50.0%	ffi_player.lua:111
 
 0.1%	goaltape.lua:459	100.0% JIT Overhead
 	50.0%	goaltape.lua:468
 	50.0%	goaltape.lua:460
 
 0.1%	npc-637.lua:85	100.0% Interpreted
 	50.0%	npc-637.lua:90
 	50.0%	npc-637.lua:89
 
 0.1%	smasNoTurnBack.lua:103	50.0% JIT Compiled, 50.0% JIT Overhead
 	100.0%	smasNoTurnBack.lua:111
 
 0.1%	orbits.lua:228	100.0% Interpreted
 	100.0%	orbits.lua:229
 
 0.1%	npc-528.lua:297	100.0% Interpreted
 	100.0%	npc-528.lua:298
 
 0.1%	animationPal.lua:601	50.0% Interpreted, 50.0% JIT Overhead
 	100.0%	animationPal.lua:603
 